<?xml version="1.0" encoding="UTF-8"?>
<!-- Generated by org.testng.reporters.JUnitReportReporter -->
<testsuite hostname="MT-5CG0183GSL" failures="0" tests="6" name="api.test.DDTests" time="2.422" errors="0" timestamp="2023-08-31T16:15:02 IST" skipped="0">
  <testcase classname="api.test.DDTests" name="testPostUser" time="0.475"/>
  <testcase classname="api.test.DDTests" name="testPostUser" time="0.369"/>
  <testcase classname="api.test.DDTests" name="testPostUser" time="0.479"/>
  <testcase classname="api.test.DDTests" name="testDeleteUserByName" time="0.351"/>
  <testcase classname="api.test.DDTests" name="testDeleteUserByName" time="0.376"/>
  <testcase classname="api.test.DDTests" name="testDeleteUserByName" time="0.372"/>
</testsuite> <!-- api.test.DDTests -->
