<?xml version="1.0" encoding="UTF-8"?>
<!-- Generated by org.testng.reporters.JUnitReportReporter -->
<testsuite hostname="MT-5CG0183GSL" failures="0" tests="4" name="api.test.UserTests" time="5.330" errors="0" timestamp="2023-08-31T16:15:02 IST" skipped="0">
  <testcase classname="api.test.UserTests" name="testPostUser" time="2.792"/>
  <testcase classname="api.test.UserTests" name="testGetUserByName" time="0.589"/>
  <testcase classname="api.test.UserTests" name="testUpdateUserByName" time="0.768"/>
  <testcase classname="api.test.UserTests" name="testDeleteUserByName" time="1.181"/>
</testsuite> <!-- api.test.UserTests -->
