<?xml version="1.0" encoding="UTF-8"?>
<!-- Generated by org.testng.reporters.JUnitReportReporter -->
<testsuite hostname="MT-5CG0183GSL" failures="0" tests="6" name="api.test.DDTests" time="2.410" errors="0" timestamp="2023-09-01T12:24:04 IST" skipped="0">
  <testcase classname="api.test.DDTests" name="testPostUser" time="0.406"/>
  <testcase classname="api.test.DDTests" name="testPostUser" time="0.446"/>
  <testcase classname="api.test.DDTests" name="testPostUser" time="0.342"/>
  <testcase classname="api.test.DDTests" name="testDeleteUserByName" time="0.324"/>
  <testcase classname="api.test.DDTests" name="testDeleteUserByName" time="0.466"/>
  <testcase classname="api.test.DDTests" name="testDeleteUserByName" time="0.426"/>
</testsuite> <!-- api.test.DDTests -->
