<?xml version="1.0" encoding="UTF-8"?>
<!-- Generated by org.testng.reporters.JUnitReportReporter -->
<testsuite hostname="MT-5CG0183GSL" failures="0" tests="4" name="api.test.UserTests" time="7.122" errors="0" timestamp="2023-09-01T12:24:04 IST" skipped="0">
  <testcase classname="api.test.UserTests" name="testPostUser" time="5.091"/>
  <testcase classname="api.test.UserTests" name="testGetUserByName" time="0.496"/>
  <testcase classname="api.test.UserTests" name="testUpdateUserByName" time="1.014"/>
  <testcase classname="api.test.UserTests" name="testDeleteUserByName" time="0.521"/>
</testsuite> <!-- api.test.UserTests -->
